  Servidor.c
C:\Users\ricar\OneDrive\Documentos\GitHub\SO2_Frogger\TP_SO2_Fogger\Servidor\Servidor.c(238,11): warning C4101: 'resultado': variável local não referenciada
C:\Users\ricar\OneDrive\Documentos\GitHub\SO2_Frogger\TP_SO2_Fogger\Servidor\Servidor.c(368,30): warning C4047: '=': 'int' difere em níveis de indireção de 'int *'
C:\Users\ricar\OneDrive\Documentos\GitHub\SO2_Frogger\TP_SO2_Fogger\Servidor\Servidor.c(347,11): warning C4101: 'limpeza': variável local não referenciada
C:\Users\ricar\OneDrive\Documentos\GitHub\SO2_Frogger\TP_SO2_Fogger\Servidor\Servidor.c(417,9): warning C4033: 'ThreadBuffer' deve retornar um valor
C:\Users\ricar\OneDrive\Documentos\GitHub\SO2_Frogger\TP_SO2_Fogger\Servidor\Servidor.c(422,9): warning C4033: 'ThreadBuffer' deve retornar um valor
C:\Users\ricar\OneDrive\Documentos\GitHub\SO2_Frogger\TP_SO2_Fogger\Servidor\Servidor.c(427,9): warning C4033: 'ThreadBuffer' deve retornar um valor
C:\Users\ricar\OneDrive\Documentos\GitHub\SO2_Frogger\TP_SO2_Fogger\Servidor\Servidor.c(432,9): warning C4033: 'ThreadBuffer' deve retornar um valor
C:\Users\ricar\OneDrive\Documentos\GitHub\SO2_Frogger\TP_SO2_Fogger\Servidor\Servidor.c(405,12): warning C4101: 'hThreadCountdown': variável local não referenciada
C:\Users\ricar\OneDrive\Documentos\GitHub\SO2_Frogger\TP_SO2_Fogger\Servidor\Servidor.c(680,14): warning C4477: 'wprintf': a cadeia de formato '%d' requer um argumento do tipo 'int', mas um argumento variadic 1 tem o tipo 'int *'
C:\Users\ricar\OneDrive\Documentos\GitHub\SO2_Frogger\TP_SO2_Fogger\Servidor\Servidor.c(680,14): warning C4313: 'wprintf': '%d' na cadeia de formato está em conflito com o argumento 1 do tipo 'int *'
C:\Users\ricar\OneDrive\Documentos\GitHub\SO2_Frogger\TP_SO2_Fogger\Servidor\Servidor.c(743,56): warning C4047: '=': 'TCHAR' difere em níveis de indireção de 'unsigned short [2]'
C:\Users\ricar\OneDrive\Documentos\GitHub\SO2_Frogger\TP_SO2_Fogger\Servidor\Servidor.c(759,24): warning C4047: '=': 'int *' difere em níveis de indireção de 'int'
C:\Users\ricar\OneDrive\Documentos\GitHub\SO2_Frogger\TP_SO2_Fogger\Servidor\Servidor.c(773,44): warning C4020: 'CreateMutexW': muitos parâmetros reais
C:\Users\ricar\OneDrive\Documentos\GitHub\SO2_Frogger\TP_SO2_Fogger\Servidor\Servidor.c(793,37): warning C4047: '=': 'int *' difere em níveis de indireção de 'int'
C:\Users\ricar\OneDrive\Documentos\GitHub\SO2_Frogger\TP_SO2_Fogger\Servidor\Servidor.c(800,31): warning C4047: '=': 'int *' difere em níveis de indireção de 'int'
C:\Users\ricar\OneDrive\Documentos\GitHub\SO2_Frogger\TP_SO2_Fogger\Servidor\Servidor.c(801,53): warning C4113: 'DWORD (__cdecl *)(LPVOID,LPVOID)' difere em listas de parâmetro de 'LPTHREAD_START_ROUTINE'
C:\Users\ricar\OneDrive\Documentos\GitHub\SO2_Frogger\TP_SO2_Fogger\Servidor\Servidor.c(801,74): warning C4047: 'função': 'DWORD' difere em níveis de indireção de 'matriz *'
C:\Users\ricar\OneDrive\Documentos\GitHub\SO2_Frogger\TP_SO2_Fogger\Servidor\Servidor.c(801,64): warning C4024: 'CreateThread': tipos diferentes para parâmetro formal e real 5
C:\Users\ricar\OneDrive\Documentos\GitHub\SO2_Frogger\TP_SO2_Fogger\Servidor\Servidor.c(801,79): warning C4020: 'CreateThread': muitos parâmetros reais
C:\Users\ricar\OneDrive\Documentos\GitHub\SO2_Frogger\TP_SO2_Fogger\Servidor\Servidor.c(805,55): warning C4113: 'DWORD (__cdecl *)(LPVOID,LPVOID)' difere em listas de parâmetro de 'LPTHREAD_START_ROUTINE'
C:\Users\ricar\OneDrive\Documentos\GitHub\SO2_Frogger\TP_SO2_Fogger\Servidor\Servidor.c(805,72): warning C4047: 'função': 'DWORD' difere em níveis de indireção de 'mapping *'
C:\Users\ricar\OneDrive\Documentos\GitHub\SO2_Frogger\TP_SO2_Fogger\Servidor\Servidor.c(805,65): warning C4024: 'CreateThread': tipos diferentes para parâmetro formal e real 5
C:\Users\ricar\OneDrive\Documentos\GitHub\SO2_Frogger\TP_SO2_Fogger\Servidor\Servidor.c(805,77): warning C4020: 'CreateThread': muitos parâmetros reais
C:\Users\ricar\OneDrive\Documentos\GitHub\SO2_Frogger\TP_SO2_Fogger\Servidor\Servidor.c(517,11): warning C4101: 'par_valor': variável local não referenciada
C:\Users\ricar\OneDrive\Documentos\GitHub\SO2_Frogger\TP_SO2_Fogger\Servidor\Servidor.c(518,73): warning C4101: 'hCriaSaposThread': variável local não referenciada
C:\Users\ricar\OneDrive\Documentos\GitHub\SO2_Frogger\TP_SO2_Fogger\Servidor\Servidor.c(508,11): warning C4101: 'resultado': variável local não referenciada
C:\Users\ricar\OneDrive\Documentos\GitHub\SO2_Frogger\TP_SO2_Fogger\Servidor\Servidor.c(504,9): warning C4101: 'Mode': variável local não referenciada
C:\Users\ricar\OneDrive\Documentos\GitHub\SO2_Frogger\TP_SO2_Fogger\Servidor\Servidor.c(499): warning C4715: 'ThreadBuffer': nem todos os caminhos de controle retornam um valor
  Servidor.vcxproj -> C:\Users\ricar\OneDrive\Documentos\GitHub\SO2_Frogger\TP_SO2_Fogger\x64\Debug\Servidor.exe
